<?xml version="1.0" encoding="UTF-8"?>
<!-- Generated by org.testng.reporters.JUnitXMLReporter -->
<testsuite ignored="0" hostname="DESKTOP-5EVK54D" failures="0" tests="4" name="Test" time="10.386" errors="0" timestamp="2024-03-09T09:13:44 IST">
  <testcase classname="ecom.LoginToApp" name="login" time="8.922"/>
  <testcase classname="ecom.AddProduct" name="addProduct" time="0.829"/>
  <testcase classname="ecom.PlaceOrder" name="placingOrder" time="0.197"/>
  <testcase classname="ecom.DeleteProduct" name="deleteProduct" time="0.221"/>
</testsuite> <!-- Test -->
