<?xml version="1.0" encoding="UTF-8"?>
<testng-results ignored="0" total="1" passed="1" failed="0" skipped="0">
  <reporter-output>
  </reporter-output>
  <suite started-at="2024-03-05T09:02:40 IST" name="Default suite" finished-at="2024-03-05T09:02:43 IST" duration-ms="3787">
    <groups>
    </groups>
    <test started-at="2024-03-05T09:02:40 IST" name="Default test" finished-at="2024-03-05T09:02:43 IST" duration-ms="3787">
      <class name="fetchingdatafromresponse.UsingJsonPathClassToReadReadyMadeJson">
        <test-method signature="readData()[pri:0, instance:fetchingdatafromresponse.UsingJsonPathClassToReadReadyMadeJson@4a7f959b]" started-at="2024-03-05T09:02:40 IST" name="readData" finished-at="2024-03-05T09:02:43 IST" duration-ms="3641" status="PASS">
          <reporter-output>
          </reporter-output>
        </test-method> <!-- readData -->
      </class> <!-- fetchingdatafromresponse.UsingJsonPathClassToReadReadyMadeJson -->
    </test> <!-- Default test -->
  </suite> <!-- Default suite -->
</testng-results>
